<?xml version="1.0" encoding="UTF-8"?>
<!-- Generated by org.testng.reporters.JUnitReportReporter -->
<testsuite skipped="0" hostname="YJ041013L" name="Demo_Selenium.Check_Youtube_Message" tests="1" failures="0" timestamp="16 九月 2020 09:58:57 GMT" time="19.632" errors="0">
  <testcase name="Studio_NPT" time="19.632" classname="Demo_Selenium.Check_Youtube_Message"/>
</testsuite> <!-- Demo_Selenium.Check_Youtube_Message -->
