<?xml version="1.0" encoding="UTF-8"?>
<!-- Generated by org.testng.reporters.JUnitReportReporter -->
<testsuite skipped="0" hostname="YJ041013L" name="Demo_Selenium.Check_Youtube_Message" tests="1" failures="0" timestamp="06 七月 2020 16:31:49 GMT" time="9.394" errors="0">
  <testcase name="Studio_NPT" time="9.394" classname="Demo_Selenium.Check_Youtube_Message"/>
</testsuite> <!-- Demo_Selenium.Check_Youtube_Message -->
