<?xml version="1.0" encoding="UTF-8"?>
<!-- Generated by org.testng.reporters.JUnitReportReporter -->
<testsuite skipped="0" hostname="YJ041013L" name="Demo_Selenium.Check_Youtube_Message" tests="1" failures="0" timestamp="22 九月 2020 07:21:29 GMT" time="17.326" errors="0">
  <testcase name="Studio_NPT" time="17.326" classname="Demo_Selenium.Check_Youtube_Message"/>
</testsuite> <!-- Demo_Selenium.Check_Youtube_Message -->
